<?xml version="1.0" encoding="UTF-8"?>
<!-- Generated by org.testng.reporters.JUnitReportReporter -->
<testsuite skipped="0" hostname="DESKTOP-QH7TA7E" name="d10_02_2022_test.PlayerTest" tests="2" failures="0" timestamp="2022-02-11T14:51:05 CET" time="33.187" errors="0">
  <testcase name="playerTesting" time="13.785" classname="d10_02_2022_test.PlayerTest"/>
  <system-out/>
  <testcase name="volumeTesting" time="19.402" classname="d10_02_2022_test.PlayerTest"/>
  <system-out/>
</testsuite> <!-- d10_02_2022_test.PlayerTest -->
