<?xml version="1.0" encoding="UTF-8"?>
<!-- Generated by org.testng.reporters.JUnitReportReporter -->
<testsuite skipped="0" hostname="DESKTOP-QH7TA7E" name="d07_02_2022_test_zadatak1.FormTest" tests="1" failures="0" timestamp="2022-02-09T08:41:58 CET" time="19.436" errors="0">
  <testcase name="formTest" time="19.436" classname="d07_02_2022_test_zadatak1.FormTest"/>
  <system-out/>
</testsuite> <!-- d07_02_2022_test_zadatak1.FormTest -->
