<?xml version="1.0" encoding="UTF-8"?>
<!-- Generated by org.testng.reporters.JUnitReportReporter -->
<testsuite skipped="0" hostname="DESKTOP-QH7TA7E" name="d04_02_2022.zadatak2" tests="1" failures="0" timestamp="2022-02-05T10:42:30 CET" time="15.598" errors="0">
  <testcase name="rated" time="15.598" classname="d04_02_2022.zadatak2"/>
  <system-out/>
</testsuite> <!-- d04_02_2022.zadatak2 -->
