<?xml version="1.0" encoding="UTF-8"?>
<!-- Generated by org.testng.reporters.JUnitReportReporter -->
<testsuite skipped="0" hostname="DESKTOP-QH7TA7E" name="d08_02_2022_test_zadatak1.FormTest" tests="1" failures="0" timestamp="2022-02-10T09:08:21 CET" time="48.833" errors="0">
  <testcase name="formTest" time="48.833" classname="d08_02_2022_test_zadatak1.FormTest"/>
  <system-out/>
</testsuite> <!-- d08_02_2022_test_zadatak1.FormTest -->
