<?xml version="1.0" encoding="UTF-8"?>
<!-- Generated by org.testng.reporters.JUnitReportReporter -->
<testsuite skipped="0" hostname="DESKTOP-QH7TA7E" name="d07_02_2022_test_zadatak2.zadatak2Test" tests="1" failures="0" timestamp="2022-02-09T13:10:23 CET" time="35.828" errors="0">
  <testcase name="addingAndRemovingFromCart" time="35.828" classname="d07_02_2022_test_zadatak2.zadatak2Test"/>
  <system-out/>
</testsuite> <!-- d07_02_2022_test_zadatak2.zadatak2Test -->
